<?xml version="1.0" encoding="UTF-8"?>
<!-- Generated by org.testng.reporters.JUnitReportReporter -->
<testsuite hostname="DESKTOP-8GDJCM1" failures="0" tests="1" name="test.HomepageTest" time="15.159" errors="0" timestamp="2022-10-28T21:24:39 EDT" skipped="0">
  <testcase classname="test.HomepageTest" name="Deal" time="15.159"/>
  <system-out/>
</testsuite> <!-- test.HomepageTest -->
